<?xml version="1.0" encoding="UTF-8"?>
<!-- Generated by org.testng.reporters.JUnitReportReporter -->
<testsuite skipped="0" hostname="LAPTOP-PLDO0HM1" name="com.wordpress.Testcases.TC1VerifyValidLogin" tests="1" failures="0" timestamp="1 Jun 2021 17:23:42 GMT" time="0.148" errors="0">
  <testcase name="checkValidUser" time="0.148" classname="com.wordpress.Testcases.TC1VerifyValidLogin"/>
</testsuite> <!-- com.wordpress.Testcases.TC1VerifyValidLogin -->
