<?xml version="1.0" encoding="UTF-8"?>
<!-- Generated by org.testng.reporters.JUnitReportReporter -->
<testsuite skipped="0" hostname="LAPTOP-PLDO0HM1" name="com.Blazedemo.Testcases.TC1VerifyFlightBooking" tests="5" failures="0" timestamp="3 Jun 2021 15:40:22 GMT" time="3.672" errors="0">
  <testcase name="verifyRecords" time="0.006" classname="com.Blazedemo.Testcases.TC1VerifyFlightBooking"/>
  <testcase name="checkFlightselect" time="1.121" classname="com.Blazedemo.Testcases.TC1VerifyFlightBooking"/>
  <testcase name="checkbookingconfirm" time="0.103" classname="com.Blazedemo.Testcases.TC1VerifyFlightBooking"/>
  <testcase name="checkValidUser" time="1.088" classname="com.Blazedemo.Testcases.TC1VerifyFlightBooking"/>
  <testcase name="checkCustomerDetails" time="1.354" classname="com.Blazedemo.Testcases.TC1VerifyFlightBooking"/>
</testsuite> <!-- com.Blazedemo.Testcases.TC1VerifyFlightBooking -->
