<?xml version="1.0" encoding="UTF-8"?>
<!-- Generated by org.testng.reporters.JUnitReportReporter -->
<testsuite skipped="0" hostname="LAPTOP-PLDO0HM1" name="com.wordpress.Testcases.TC1VerifyHomePage" tests="1" failures="0" timestamp="1 Jun 2021 18:16:12 GMT" time="2.123" errors="0">
  <testcase name="checkValidUser" time="2.123" classname="com.wordpress.Testcases.TC1VerifyHomePage"/>
</testsuite> <!-- com.wordpress.Testcases.TC1VerifyHomePage -->
