<?xml version="1.0" encoding="UTF-8"?>
<!-- Generated by org.testng.reporters.JUnitReportReporter -->
<testsuite skipped="0" hostname="LAPTOP-PLDO0HM1" name="com.Blazedemo.Testcases.TC1VerifyHomePage" tests="5" failures="0" timestamp="3 Jun 2021 14:54:41 GMT" time="3.913" errors="0">
  <testcase name="checkFlightselect" time="1.097" classname="com.Blazedemo.Testcases.TC1VerifyHomePage"/>
  <testcase name="checkCustomerDetails" time="1.701" classname="com.Blazedemo.Testcases.TC1VerifyHomePage"/>
  <testcase name="checkValidUser" time="0.944" classname="com.Blazedemo.Testcases.TC1VerifyHomePage"/>
  <testcase name="verifyRecords" time="0.000" classname="com.Blazedemo.Testcases.TC1VerifyHomePage"/>
  <testcase name="checkbookingconfirm" time="0.171" classname="com.Blazedemo.Testcases.TC1VerifyHomePage"/>
</testsuite> <!-- com.Blazedemo.Testcases.TC1VerifyHomePage -->
