<?xml version="1.0" encoding="UTF-8"?>
<!-- Generated by org.testng.reporters.JUnitReportReporter -->
<testsuite skipped="0" hostname="LAPTOP-PLDO0HM1" name="com.Blazedemo.Testcases.TC1VerifyFlightBooking" tests="5" failures="0" timestamp="3 Jun 2021 16:53:30 GMT" time="3.252" errors="0">
  <testcase name="verifyRecords" time="0.004" classname="com.Blazedemo.Testcases.TC1VerifyFlightBooking"/>
  <testcase name="checkFlightselect" time="0.693" classname="com.Blazedemo.Testcases.TC1VerifyFlightBooking"/>
  <testcase name="checkbookingconfirm" time="0.116" classname="com.Blazedemo.Testcases.TC1VerifyFlightBooking"/>
  <testcase name="checkValidUser" time="0.869" classname="com.Blazedemo.Testcases.TC1VerifyFlightBooking"/>
  <testcase name="checkCustomerDetails" time="1.570" classname="com.Blazedemo.Testcases.TC1VerifyFlightBooking"/>
</testsuite> <!-- com.Blazedemo.Testcases.TC1VerifyFlightBooking -->
